Сборка начата 28.03.2024 16:42:44.
Уровень детализации журнала: Normal.     1>Проект "D:\labs\oap1.2\lab11\lab11\lab11.vcxproj" в узле 2 (целевые объекты Build).
     1>PrepareForBuild:
         Структурированный вывод включен. Форматирование диагностики компилятора будет отражать иерархию ошибок. Подробнее см. https://aka.ms/cpp/structured-output.
       InitializeBuildStatus:
         Создание "x64\Debug\lab11.tlog\unsuccessfulbuild", так как было задано "AlwaysCreate".
         Обращение к "x64\Debug\lab11.tlog\unsuccessfulbuild".
       ClCompile:
         D:\Visual Studio\2022\Community\VC\Tools\MSVC\14.38.33130\bin\HostX64\x64\CL.exe /c /ZI /JMC /nologo /W3 /WX- /diagnostics:column /sdl /Od /D _DEBUG /D _CONSOLE /D _UNICODE /D UNICODE /Gm- /EHsc /RTC1 /MDd /GS /fp:precise /Zc:wchar_t /Zc:forScope /Zc:inline /permissive- /Fo"x64\Debug\\" /Fd"x64\Debug\vc143.pdb" /external:W3 /Gd /TP /FC /errorReport:prompt test.cpp
         test.cpp
     1>D:\labs\oap1.2\lab11\lab11\test.cpp(23,1): warning C4326: возвращаемый тип "main" должен быть "int", а не "void"
       Link:
         D:\Visual Studio\2022\Community\VC\Tools\MSVC\14.38.33130\bin\HostX64\x64\link.exe /ERRORREPORT:PROMPT /OUT:"D:\labs\oap1.2\lab11\x64\Debug\lab11.exe" /INCREMENTAL /ILK:"x64\Debug\lab11.ilk" /NOLOGO kernel32.lib user32.lib gdi32.lib winspool.lib comdlg32.lib advapi32.lib shell32.lib ole32.lib oleaut32.lib uuid.lib odbc32.lib odbccp32.lib /MANIFEST /MANIFESTUAC:"level='asInvoker' uiAccess='false'" /manifest:embed /DEBUG /PDB:"D:\labs\oap1.2\lab11\x64\Debug\lab11.pdb" /SUBSYSTEM:CONSOLE /TLBID:1 /DYNAMICBASE /NXCOMPAT /IMPLIB:"D:\labs\oap1.2\lab11\x64\Debug\lab11.lib" /MACHINE:X64 x64\Debug\test.obj
         lab11.vcxproj -> D:\labs\oap1.2\lab11\x64\Debug\lab11.exe
       FinalizeBuildStatus:
         Файл "x64\Debug\lab11.tlog\unsuccessfulbuild" удаляется.
         Обращение к "x64\Debug\lab11.tlog\lab11.lastbuildstate".
     1>Сборка проекта "D:\labs\oap1.2\lab11\lab11\lab11.vcxproj" завершена (целевые объекты Build).

Сборка успешно завершена.

       "D:\labs\oap1.2\lab11\lab11\lab11.vcxproj" (целевой объект Build ) (1) ->
       (Целевой объект ClCompile) -> 
         D:\labs\oap1.2\lab11\lab11\test.cpp(23,1): warning C4326: возвращаемый тип "main" должен быть "int", а не "void"

    Предупреждений: 1
    Ошибок: 0

Прошло времени 00:00:01.56
