Сборка начата 17.02.2024 14:06:01.
Уровень детализации журнала: Normal.     1>Проект "D:\labs\oap1.2\lab4\dop3\dop3.vcxproj" в узле 2 (целевые объекты Build).
     1>PrepareForBuild:
         Структурированный вывод включен. Форматирование диагностики компилятора будет отражать иерархию ошибок. Подробнее см. https://aka.ms/cpp/structured-output.
       InitializeBuildStatus:
         Создание "Debug\dop3.tlog\unsuccessfulbuild", так как было задано "AlwaysCreate".
         Обращение к "Debug\dop3.tlog\unsuccessfulbuild".
       ClCompile:
         D:\Visual Studio\2022\Community\VC\Tools\MSVC\14.38.33130\bin\HostX86\x86\CL.exe /c /ZI /JMC /nologo /W3 /WX- /diagnostics:column /sdl /Od /Oy- /D WIN32 /D _DEBUG /D _CONSOLE /D _UNICODE /D UNICODE /Gm- /EHsc /RTC1 /MDd /GS /fp:precise /Zc:wchar_t /Zc:forScope /Zc:inline /permissive- /Fo"Debug\\" /Fd"Debug\vc143.pdb" /external:W3 /Gd /TP /analyze- /FC /errorReport:prompt sanatorium.cpp
         sanatorium.cpp
       Link:
         D:\Visual Studio\2022\Community\VC\Tools\MSVC\14.38.33130\bin\HostX86\x86\link.exe /ERRORREPORT:PROMPT /OUT:"D:\labs\oap1.2\lab4\Debug\dop3.exe" /INCREMENTAL /ILK:"Debug\dop3.ilk" /NOLOGO kernel32.lib user32.lib gdi32.lib winspool.lib comdlg32.lib advapi32.lib shell32.lib ole32.lib oleaut32.lib uuid.lib odbc32.lib odbccp32.lib /MANIFEST /MANIFESTUAC:"level='asInvoker' uiAccess='false'" /manifest:embed /DEBUG /PDB:"D:\labs\oap1.2\lab4\Debug\dop3.pdb" /SUBSYSTEM:CONSOLE /TLBID:1 /DYNAMICBASE /NXCOMPAT /IMPLIB:"D:\labs\oap1.2\lab4\Debug\dop3.lib" /MACHINE:X86 Debug\sanatorium.obj
         dop3.vcxproj -> D:\labs\oap1.2\lab4\Debug\dop3.exe
       FinalizeBuildStatus:
         Файл "Debug\dop3.tlog\unsuccessfulbuild" удаляется.
         Обращение к "Debug\dop3.tlog\dop3.lastbuildstate".
     1>Сборка проекта "D:\labs\oap1.2\lab4\dop3\dop3.vcxproj" завершена (целевые объекты Build).

Сборка успешно завершена.
    Предупреждений: 0
    Ошибок: 0

Прошло времени 00:00:02.30
