Сборка начата 08.02.2024 17:15:31.
Уровень детализации журнала: Normal.     1>Проект "D:\labs\oap1.2\1lab\dop11.1\dop11.1.vcxproj" в узле 2 (целевые объекты Build).
     1>D:\Visual Studio\2022\Community\MSBuild\Microsoft\VC\v170\Microsoft.CppBuild.targets(531,5): warning MSB8028: промежуточный каталог (x64\Debug\) содержит файлы, которые используются совместно с другим проектом (dop11.1.vcxproj).  Это может привести к ошибкам очистки и перестроения.
         Структурированный вывод включен. Форматирование диагностики компилятора будет отражать иерархию ошибок. Подробнее см. https://aka.ms/cpp/structured-output.
         Создание каталога "x64\Debug\dop6.1.tlog\".
     1>InitializeBuildStatus:
         Создание "x64\Debug\dop6.1.tlog\unsuccessfulbuild", так как было задано "AlwaysCreate".
         Обращение к "x64\Debug\dop6.1.tlog\unsuccessfulbuild".
       ClCompile:
         D:\Visual Studio\2022\Community\VC\Tools\MSVC\14.38.33130\bin\HostX64\x64\CL.exe /c /ZI /JMC /nologo /W3 /WX- /diagnostics:column /sdl /Od /D _DEBUG /D _CONSOLE /D _UNICODE /D UNICODE /Gm- /EHsc /RTC1 /MDd /GS /fp:precise /Zc:wchar_t /Zc:forScope /Zc:inline /permissive- /Fo"x64\Debug\\" /Fd"x64\Debug\vc143.pdb" /external:W3 /Gd /TP /FC /errorReport:prompt ex1.cpp
         ex1.cpp
       Link:
         D:\Visual Studio\2022\Community\VC\Tools\MSVC\14.38.33130\bin\HostX64\x64\link.exe /ERRORREPORT:PROMPT /OUT:"D:\labs\oap1.2\1lab\x64\Debug\dop6.1.exe" /INCREMENTAL /ILK:"x64\Debug\dop6.1.ilk" /NOLOGO kernel32.lib user32.lib gdi32.lib winspool.lib comdlg32.lib advapi32.lib shell32.lib ole32.lib oleaut32.lib uuid.lib odbc32.lib odbccp32.lib /MANIFEST /MANIFESTUAC:"level='asInvoker' uiAccess='false'" /manifest:embed /DEBUG /PDB:"D:\labs\oap1.2\1lab\x64\Debug\dop6.1.pdb" /SUBSYSTEM:CONSOLE /TLBID:1 /DYNAMICBASE /NXCOMPAT /IMPLIB:"D:\labs\oap1.2\1lab\x64\Debug\dop6.1.lib" /MACHINE:X64 x64\Debug\ex1.obj
         dop11.1.vcxproj -> D:\labs\oap1.2\1lab\x64\Debug\dop6.1.exe
       FinalizeBuildStatus:
         Файл "x64\Debug\dop6.1.tlog\unsuccessfulbuild" удаляется.
         Обращение к "x64\Debug\dop6.1.tlog\dop6.1.lastbuildstate".
     1>Сборка проекта "D:\labs\oap1.2\1lab\dop11.1\dop11.1.vcxproj" завершена (целевые объекты Build).

Сборка успешно завершена.

       "D:\labs\oap1.2\1lab\dop11.1\dop11.1.vcxproj" (целевой объект Build ) (1) ->
       (Целевой объект PrepareForBuild) -> 
         D:\Visual Studio\2022\Community\MSBuild\Microsoft\VC\v170\Microsoft.CppBuild.targets(531,5): warning MSB8028: промежуточный каталог (x64\Debug\) содержит файлы, которые используются совместно с другим проектом (dop11.1.vcxproj).  Это может привести к ошибкам очистки и перестроения.

    Предупреждений: 1
    Ошибок: 0

Прошло времени 00:00:02.58
