Сборка начата 27.02.2024 16:36:18.
Уровень детализации журнала: Normal.     1>Проект "D:\labs\oap1.2\lab5\dop2.2\dop2.2.vcxproj" в узле 2 (целевые объекты Build).
     1>PrepareForBuild:
         Структурированный вывод включен. Форматирование диагностики компилятора будет отражать иерархию ошибок. Подробнее см. https://aka.ms/cpp/structured-output.
       InitializeBuildStatus:
         Создание "Debug\dop2.2.tlog\unsuccessfulbuild", так как было задано "AlwaysCreate".
         Обращение к "Debug\dop2.2.tlog\unsuccessfulbuild".
       ClCompile:
         D:\Visual Studio\2022\Community\VC\Tools\MSVC\14.38.33130\bin\HostX86\x86\CL.exe /c /ZI /JMC /nologo /W3 /WX- /diagnostics:column /sdl /Od /Oy- /D WIN32 /D _DEBUG /D _CONSOLE /D _UNICODE /D UNICODE /Gm- /EHsc /RTC1 /MDd /GS /fp:precise /Zc:wchar_t /Zc:forScope /Zc:inline /permissive- /Fo"Debug\\" /Fd"Debug\vc143.pdb" /external:W3 /Gd /TP /analyze- /FC /errorReport:prompt library2.cpp
         library2.cpp
     1>D:\labs\oap1.2\lab5\dop2.2\library2.cpp(97,41): warning C4101: typesAccom: неиспользованная локальная переменная
     1>D:\labs\oap1.2\lab5\dop2.2\library2.cpp(97,22): warning C4101: dateInt: неиспользованная локальная переменная
     1>D:\labs\oap1.2\lab5\dop2.2\library2.cpp(98,9): warning C4101: amountPeople: неиспользованная локальная переменная
     1>D:\labs\oap1.2\lab5\dop2.2\library2.cpp(97,31): warning C4101: dateOutt: неиспользованная локальная переменная
     1>D:\labs\oap1.2\lab5\dop2.2\library2.cpp(98,45): warning C4101: precenseBook: неиспользованная локальная переменная
     1>D:\labs\oap1.2\lab5\dop2.2\library2.cpp(268,9): warning C4809: в операторе switch имеется ненужная метка "default"; все возможные метки "case" уже заданы
     1>D:\labs\oap1.2\lab5\dop2.2\library2.cpp(169,10): warning C4101: c: неиспользованная локальная переменная
     1>D:\labs\oap1.2\lab5\dop2.2\library2.cpp(395,13): warning C4809: в операторе switch имеется ненужная метка "default"; все возможные метки "case" уже заданы
     1>D:\labs\oap1.2\lab5\dop2.2\library2.cpp(295,30): warning C4101: c: неиспользованная локальная переменная
       Link:
         D:\Visual Studio\2022\Community\VC\Tools\MSVC\14.38.33130\bin\HostX86\x86\link.exe /ERRORREPORT:PROMPT /OUT:"D:\labs\oap1.2\lab5\Debug\dop2.2.exe" /INCREMENTAL /ILK:"Debug\dop2.2.ilk" /NOLOGO kernel32.lib user32.lib gdi32.lib winspool.lib comdlg32.lib advapi32.lib shell32.lib ole32.lib oleaut32.lib uuid.lib odbc32.lib odbccp32.lib /MANIFEST /MANIFESTUAC:"level='asInvoker' uiAccess='false'" /manifest:embed /DEBUG /PDB:"D:\labs\oap1.2\lab5\Debug\dop2.2.pdb" /SUBSYSTEM:CONSOLE /TLBID:1 /DYNAMICBASE /NXCOMPAT /IMPLIB:"D:\labs\oap1.2\lab5\Debug\dop2.2.lib" /MACHINE:X86 Debug\library2.obj
         dop2.2.vcxproj -> D:\labs\oap1.2\lab5\Debug\dop2.2.exe
       FinalizeBuildStatus:
         Файл "Debug\dop2.2.tlog\unsuccessfulbuild" удаляется.
         Обращение к "Debug\dop2.2.tlog\dop2.2.lastbuildstate".
     1>Сборка проекта "D:\labs\oap1.2\lab5\dop2.2\dop2.2.vcxproj" завершена (целевые объекты Build).

Сборка успешно завершена.

       "D:\labs\oap1.2\lab5\dop2.2\dop2.2.vcxproj" (целевой объект Build ) (1) ->
       (Целевой объект ClCompile) -> 
         D:\labs\oap1.2\lab5\dop2.2\library2.cpp(97,41): warning C4101: typesAccom: неиспользованная локальная переменная
         D:\labs\oap1.2\lab5\dop2.2\library2.cpp(97,22): warning C4101: dateInt: неиспользованная локальная переменная
         D:\labs\oap1.2\lab5\dop2.2\library2.cpp(98,9): warning C4101: amountPeople: неиспользованная локальная переменная
         D:\labs\oap1.2\lab5\dop2.2\library2.cpp(97,31): warning C4101: dateOutt: неиспользованная локальная переменная
         D:\labs\oap1.2\lab5\dop2.2\library2.cpp(98,45): warning C4101: precenseBook: неиспользованная локальная переменная
         D:\labs\oap1.2\lab5\dop2.2\library2.cpp(268,9): warning C4809: в операторе switch имеется ненужная метка "default"; все возможные метки "case" уже заданы
         D:\labs\oap1.2\lab5\dop2.2\library2.cpp(169,10): warning C4101: c: неиспользованная локальная переменная
         D:\labs\oap1.2\lab5\dop2.2\library2.cpp(395,13): warning C4809: в операторе switch имеется ненужная метка "default"; все возможные метки "case" уже заданы
         D:\labs\oap1.2\lab5\dop2.2\library2.cpp(295,30): warning C4101: c: неиспользованная локальная переменная

    Предупреждений: 9
    Ошибок: 0

Прошло времени 00:00:02.99
