Сборка начата 12.03.2024 16:31:04.
Уровень детализации журнала: Normal.     1>Проект "D:\labs\oap1.2\lab8\osn\osn.vcxproj" в узле 2 (целевые объекты Build).
     1>PrepareForBuild:
         Структурированный вывод включен. Форматирование диагностики компилятора будет отражать иерархию ошибок. Подробнее см. https://aka.ms/cpp/structured-output.
       InitializeBuildStatus:
         Создание "x64\Debug\osn.tlog\unsuccessfulbuild", так как было задано "AlwaysCreate".
         Обращение к "x64\Debug\osn.tlog\unsuccessfulbuild".
       ClCompile:
         D:\Visual Studio\2022\Community\VC\Tools\MSVC\14.38.33130\bin\HostX64\x64\CL.exe /c /ZI /JMC /nologo /W3 /WX- /diagnostics:column /sdl /Od /D _DEBUG /D _CONSOLE /D _UNICODE /D UNICODE /Gm- /EHsc /RTC1 /MDd /GS /fp:precise /Zc:wchar_t /Zc:forScope /Zc:inline /permissive- /Fo"x64\Debug\\" /Fd"x64\Debug\vc143.pdb" /external:W3 /Gd /TP /FC /errorReport:prompt ex.cpp
         ex.cpp
     1>D:\labs\oap1.2\lab8\osn\ex.cpp(111,28): warning C4101: cr: неиспользованная локальная переменная
     1>D:\labs\oap1.2\lab8\osn\ex.cpp(111,23): warning C4101: pr: неиспользованная локальная переменная
       Link:
         D:\Visual Studio\2022\Community\VC\Tools\MSVC\14.38.33130\bin\HostX64\x64\link.exe /ERRORREPORT:PROMPT /OUT:"D:\labs\oap1.2\lab8\x64\Debug\osn.exe" /INCREMENTAL /ILK:"x64\Debug\osn.ilk" /NOLOGO kernel32.lib user32.lib gdi32.lib winspool.lib comdlg32.lib advapi32.lib shell32.lib ole32.lib oleaut32.lib uuid.lib odbc32.lib odbccp32.lib /MANIFEST /MANIFESTUAC:"level='asInvoker' uiAccess='false'" /manifest:embed /DEBUG /PDB:"D:\labs\oap1.2\lab8\x64\Debug\osn.pdb" /SUBSYSTEM:CONSOLE /TLBID:1 /DYNAMICBASE /NXCOMPAT /IMPLIB:"D:\labs\oap1.2\lab8\x64\Debug\osn.lib" /MACHINE:X64 x64\Debug\ex.obj
         osn.vcxproj -> D:\labs\oap1.2\lab8\x64\Debug\osn.exe
       FinalizeBuildStatus:
         Файл "x64\Debug\osn.tlog\unsuccessfulbuild" удаляется.
         Обращение к "x64\Debug\osn.tlog\osn.lastbuildstate".
     1>Сборка проекта "D:\labs\oap1.2\lab8\osn\osn.vcxproj" завершена (целевые объекты Build).

Сборка успешно завершена.

       "D:\labs\oap1.2\lab8\osn\osn.vcxproj" (целевой объект Build ) (1) ->
       (Целевой объект ClCompile) -> 
         D:\labs\oap1.2\lab8\osn\ex.cpp(111,28): warning C4101: cr: неиспользованная локальная переменная
         D:\labs\oap1.2\lab8\osn\ex.cpp(111,23): warning C4101: pr: неиспользованная локальная переменная

    Предупреждений: 2
    Ошибок: 0

Прошло времени 00:00:02.96
