Сборка начата 21.02.2024 00:40:58.
Уровень детализации журнала: Normal.     1>Проект "D:\labs\oap1.2\lab5\dop1\dop1.vcxproj" в узле 2 (целевые объекты Build).
     1>PrepareForBuild:
         Структурированный вывод включен. Форматирование диагностики компилятора будет отражать иерархию ошибок. Подробнее см. https://aka.ms/cpp/structured-output.
       InitializeBuildStatus:
         Создание "x64\Debug\dop1.tlog\unsuccessfulbuild", так как было задано "AlwaysCreate".
         Обращение к "x64\Debug\dop1.tlog\unsuccessfulbuild".
       ClCompile:
         D:\Visual Studio\2022\Community\VC\Tools\MSVC\14.38.33130\bin\HostX64\x64\CL.exe /c /ZI /JMC /nologo /W3 /WX- /diagnostics:column /sdl /Od /D _DEBUG /D _CONSOLE /D _UNICODE /D UNICODE /Gm- /EHsc /RTC1 /MDd /GS /fp:precise /Zc:wchar_t /Zc:forScope /Zc:inline /permissive- /Fo"x64\Debug\\" /Fd"x64\Debug\vc143.pdb" /external:W3 /Gd /TP /FC /errorReport:prompt citizen.cpp
         citizen.cpp
     1>D:\labs\oap1.2\lab5\dop1\citizen.cpp(84,44): warning C4101: dateOut: неиспользованная локальная переменная
       Link:
         D:\Visual Studio\2022\Community\VC\Tools\MSVC\14.38.33130\bin\HostX64\x64\link.exe /ERRORREPORT:PROMPT /OUT:"D:\labs\oap1.2\lab5\x64\Debug\dop1.exe" /INCREMENTAL /ILK:"x64\Debug\dop1.ilk" /NOLOGO kernel32.lib user32.lib gdi32.lib winspool.lib comdlg32.lib advapi32.lib shell32.lib ole32.lib oleaut32.lib uuid.lib odbc32.lib odbccp32.lib /MANIFEST /MANIFESTUAC:"level='asInvoker' uiAccess='false'" /manifest:embed /DEBUG /PDB:"D:\labs\oap1.2\lab5\x64\Debug\dop1.pdb" /SUBSYSTEM:CONSOLE /TLBID:1 /DYNAMICBASE /NXCOMPAT /IMPLIB:"D:\labs\oap1.2\lab5\x64\Debug\dop1.lib" /MACHINE:X64 x64\Debug\citizen.obj
         dop1.vcxproj -> D:\labs\oap1.2\lab5\x64\Debug\dop1.exe
       FinalizeBuildStatus:
         Файл "x64\Debug\dop1.tlog\unsuccessfulbuild" удаляется.
         Обращение к "x64\Debug\dop1.tlog\dop1.lastbuildstate".
     1>Сборка проекта "D:\labs\oap1.2\lab5\dop1\dop1.vcxproj" завершена (целевые объекты Build).

Сборка успешно завершена.

       "D:\labs\oap1.2\lab5\dop1\dop1.vcxproj" (целевой объект Build ) (1) ->
       (Целевой объект ClCompile) -> 
         D:\labs\oap1.2\lab5\dop1\citizen.cpp(84,44): warning C4101: dateOut: неиспользованная локальная переменная

    Предупреждений: 1
    Ошибок: 0

Прошло времени 00:00:00.87
